<?xml version="1.0" encoding="UTF-8"?>
<testsuite name="Add a product to the shopping cart" tests="1" skipped="0" failures="0" errors="0" timestamp="2022-03-01T04:23:42" hostname="DESKTOP-S29GUPP" time="42.286">
  <properties/>
  <testcase name="Add product to shopping cart" classname="Add a product to the shopping cart" time="42.286"/>
  <system-out><![CDATA[Feature from file:///C:/Users/Astrid%20Chavarria/SURA/sistecredito_dafiti/src/test/resources/features/addProduct.feature
]]></system-out>
  <system-err><![CDATA[[Test worker] INFO  - 
 _____ _____ ____ _____   ____ _____  _    ____ _____ _____ ____  
|_   _| ____/ ___|_   _| / ___|_   _|/ \  |  _ \_   _| ____|  _ \ 
  | | |  _| \___ \ | |   \___ \ | | / _ \ | |_) || | |  _| | | | |
  | | | |___ ___) || |    ___) || |/ ___ \|  _ < | | | |___| |_| |
  |_| |_____|____/ |_|   |____/ |_/_/   \_\_| \_\|_| |_____|____/ 

Add product to shopping cart(add-a-product-to-the-shopping-cart;add-product-to-shopping-cart)
-------------------------------------------------------------------
feb 28, 2022 11:24:17 PM io.appium.java_client.remote.AppiumCommandExecutor$1 lambda$0
INFORMACIÓN: Detected dialect: W3C
[Test worker] INFO  - 
        __    _____ _____ ____ _____   ____   _    ____  ____  _____ ____  
  _     \ \  |_   _| ____/ ___|_   _| |  _ \ / \  / ___|/ ___|| ____|  _ \ 
 (_)_____| |   | | |  _| \___ \ | |   | |_) / _ \ \___ \\___ \|  _| | | | |
  _|_____| |   | | | |___ ___) || |   |  __/ ___ \ ___) |___) | |___| |_| |
 (_)     | |   |_| |_____|____/ |_|   |_| /_/   \_\____/|____/|_____|____/ 
        /_/                                                                

Add product to shopping cart
----------------------------------------------------------------------------
]]></system-err>
</testsuite>
